{
  "0 debug pnpm:scope": {
    "selected": 1
  },
  "1 info pnpm": {
    "err": {
      "name": "Error",
      "message": "not found: insall",
      "code": "ENOENT",
      "stack": "Error: not found: insall\n    at getNotFoundError (/home/olli/.local/npm-global/pnpm-global/5/node_modules/.pnpm/pnpm@6.16.0/node_modules/pnpm/dist/pnpm.cjs:47811:51)\n    at Function.whichSync [as sync] (/home/olli/.local/npm-global/pnpm-global/5/node_modules/.pnpm/pnpm@6.16.0/node_modules/pnpm/dist/pnpm.cjs:47888:13)\n    at getCommandAbsolutePathSync (/home/olli/.local/npm-global/pnpm-global/5/node_modules/.pnpm/pnpm@6.16.0/node_modules/pnpm/dist/pnpm.cjs:49453:44)\n    at Object.default_1 [as default] (/home/olli/.local/npm-global/pnpm-global/5/node_modules/.pnpm/pnpm@6.16.0/node_modules/pnpm/dist/pnpm.cjs:49462:32)\n    at /home/olli/.local/npm-global/pnpm-global/5/node_modules/.pnpm/pnpm@6.16.0/node_modules/pnpm/dist/pnpm.cjs:129798:34"
    }
  },
  "2 error pnpm": {
    "code": "ERR_PNPM_RECURSIVE_EXEC_FIRST_FAIL",
    "prefix": "/home/olli/Sync/Tyo/portfolio-site",
    "err": {
      "name": "pnpm",
      "message": "not found: insall",
      "code": "ERR_PNPM_RECURSIVE_EXEC_FIRST_FAIL",
      "stack": "Error: not found: insall\n    at getNotFoundError (/home/olli/.local/npm-global/pnpm-global/5/node_modules/.pnpm/pnpm@6.16.0/node_modules/pnpm/dist/pnpm.cjs:47811:51)\n    at Function.whichSync [as sync] (/home/olli/.local/npm-global/pnpm-global/5/node_modules/.pnpm/pnpm@6.16.0/node_modules/pnpm/dist/pnpm.cjs:47888:13)\n    at getCommandAbsolutePathSync (/home/olli/.local/npm-global/pnpm-global/5/node_modules/.pnpm/pnpm@6.16.0/node_modules/pnpm/dist/pnpm.cjs:49453:44)\n    at Object.default_1 [as default] (/home/olli/.local/npm-global/pnpm-global/5/node_modules/.pnpm/pnpm@6.16.0/node_modules/pnpm/dist/pnpm.cjs:49462:32)\n    at /home/olli/.local/npm-global/pnpm-global/5/node_modules/.pnpm/pnpm@6.16.0/node_modules/pnpm/dist/pnpm.cjs:129798:34"
    }
  }
}